<?xml version="1.0" encoding="UTF-8"?>
<coverage generated="1619771689185" clover="3.2.0">
  <project timestamp="1619771689185" name="All files">
    <metrics statements="46" coveredstatements="46" conditionals="33" coveredconditionals="31" methods="25" coveredmethods="25" elements="104" coveredelements="102" complexity="0" loc="46" ncloc="46" packages="3" files="3" classes="3"/>
    <package name="filter-checkbox">
      <metrics statements="7" coveredstatements="7" conditionals="17" coveredconditionals="16" methods="3" coveredmethods="3"/>
      <file name="index.js" path="/Users/tomascastillo/Job/Tipit/schedule-filter/src/components/filter-checkbox/index.js">
        <metrics statements="7" coveredstatements="7" conditionals="17" coveredconditionals="16" methods="3" coveredmethods="3"/>
        <line num="6" count="1" type="cond" truecount="1" falsecount="1"/>
        <line num="8" count="7" type="stmt"/>
        <line num="10" count="7" type="stmt"/>
        <line num="11" count="7" type="cond" truecount="2" falsecount="0"/>
        <line num="12" count="4" type="cond" truecount="2" falsecount="0"/>
        <line num="16" count="7" type="stmt"/>
        <line num="17" count="4" type="stmt"/>
      </file>
    </package>
    <package name="filter-speakers">
      <metrics statements="32" coveredstatements="32" conditionals="10" coveredconditionals="9" methods="19" coveredmethods="19"/>
      <file name="index.js" path="/Users/tomascastillo/Job/Tipit/schedule-filter/src/components/filter-speakers/index.js">
        <metrics statements="32" coveredstatements="32" conditionals="10" coveredconditionals="9" methods="19" coveredmethods="19"/>
        <line num="8" count="1" type="stmt"/>
        <line num="10" count="22" type="stmt"/>
        <line num="11" count="22" type="stmt"/>
        <line num="12" count="22" type="stmt"/>
        <line num="13" count="22" type="stmt"/>
        <line num="14" count="188" type="stmt"/>
        <line num="16" count="22" type="stmt"/>
        <line num="17" count="7" type="stmt"/>
        <line num="20" count="22" type="stmt"/>
        <line num="21" count="7" type="cond" truecount="2" falsecount="0"/>
        <line num="22" count="1" type="stmt"/>
        <line num="23" count="9" type="cond" truecount="2" falsecount="0"/>
        <line num="26" count="1" type="stmt"/>
        <line num="28" count="48" type="stmt"/>
        <line num="32" count="22" type="stmt"/>
        <line num="33" count="2" type="stmt"/>
        <line num="34" count="18" type="stmt"/>
        <line num="35" count="2" type="stmt"/>
        <line num="36" count="2" type="stmt"/>
        <line num="39" count="22" type="stmt"/>
        <line num="40" count="1" type="stmt"/>
        <line num="41" count="12" type="stmt"/>
        <line num="42" count="1" type="stmt"/>
        <line num="45" count="22" type="stmt"/>
        <line num="49" count="2" type="stmt"/>
        <line num="50" count="7" type="stmt"/>
        <line num="52" count="1" type="stmt"/>
        <line num="53" count="1" type="stmt"/>
        <line num="65" count="92" type="stmt"/>
        <line num="66" count="2" type="stmt"/>
        <line num="82" count="3" type="stmt"/>
        <line num="83" count="1" type="stmt"/>
      </file>
    </package>
    <package name="filter-tags">
      <metrics statements="7" coveredstatements="7" conditionals="6" coveredconditionals="6" methods="3" coveredmethods="3"/>
      <file name="index.js" path="/Users/tomascastillo/Job/Tipit/schedule-filter/src/components/filter-tags/index.js">
        <metrics statements="7" coveredstatements="7" conditionals="6" coveredconditionals="6" methods="3" coveredmethods="3"/>
        <line num="6" count="1" type="stmt"/>
        <line num="8" count="6" type="stmt"/>
        <line num="10" count="6" type="stmt"/>
        <line num="11" count="6" type="cond" truecount="2" falsecount="0"/>
        <line num="12" count="3" type="cond" truecount="2" falsecount="0"/>
        <line num="16" count="6" type="stmt"/>
        <line num="17" count="3" type="cond" truecount="2" falsecount="0"/>
      </file>
    </package>
  </project>
</coverage>
