{"/Users/tomascastillo/Job/Tipit/schedule-filter/src/components/filter-checkbox/index.js": {"path":"/Users/tomascastillo/Job/Tipit/schedule-filter/src/components/filter-checkbox/index.js","statementMap":{"0":{"start":{"line":6,"column":23},"end":{"line":24,"column":1}},"1":{"start":{"line":8,"column":34},"end":{"line":8,"column":48}},"2":{"start":{"line":10,"column":4},"end":{"line":14,"column":18}},"3":{"start":{"line":11,"column":8},"end":{"line":13,"column":9}},"4":{"start":{"line":12,"column":12},"end":{"line":12,"column":83}},"5":{"start":{"line":16,"column":4},"end":{"line":23,"column":5}},"6":{"start":{"line":17,"column":63},"end":{"line":17,"column":83}}},"fnMap":{"0":{"name":"(anonymous_0)","decl":{"start":{"line":6,"column":23},"end":{"line":6,"column":24}},"loc":{"start":{"line":6,"column":110},"end":{"line":24,"column":1}},"line":6},"1":{"name":"(anonymous_1)","decl":{"start":{"line":10,"column":14},"end":{"line":10,"column":15}},"loc":{"start":{"line":10,"column":20},"end":{"line":14,"column":5}},"line":10},"2":{"name":"(anonymous_2)","decl":{"start":{"line":17,"column":57},"end":{"line":17,"column":58}},"loc":{"start":{"line":17,"column":63},"end":{"line":17,"column":83}},"line":17}},"branchMap":{"0":{"loc":{"start":{"line":6,"column":44},"end":{"line":6,"column":54}},"type":"default-arg","locations":[{"start":{"line":6,"column":52},"end":{"line":6,"column":54}}],"line":6},"1":{"loc":{"start":{"line":6,"column":56},"end":{"line":6,"column":65}},"type":"default-arg","locations":[{"start":{"line":6,"column":63},"end":{"line":6,"column":65}}],"line":6},"2":{"loc":{"start":{"line":11,"column":8},"end":{"line":13,"column":9}},"type":"if","locations":[{"start":{"line":11,"column":8},"end":{"line":13,"column":9}},{"start":{"line":11,"column":8},"end":{"line":13,"column":9}}],"line":11},"3":{"loc":{"start":{"line":12,"column":12},"end":{"line":12,"column":82}},"type":"cond-expr","locations":[{"start":{"line":12,"column":22},"end":{"line":12,"column":50}},{"start":{"line":12,"column":53},"end":{"line":12,"column":82}}],"line":12},"4":{"loc":{"start":{"line":18,"column":50},"end":{"line":18,"column":79}},"type":"cond-expr","locations":[{"start":{"line":18,"column":60},"end":{"line":18,"column":74}},{"start":{"line":18,"column":77},"end":{"line":18,"column":79}}],"line":18},"5":{"loc":{"start":{"line":18,"column":109},"end":{"line":18,"column":153}},"type":"cond-expr","locations":[{"start":{"line":18,"column":143},"end":{"line":18,"column":148}},{"start":{"line":18,"column":151},"end":{"line":18,"column":153}}],"line":18},"6":{"loc":{"start":{"line":18,"column":109},"end":{"line":18,"column":140}},"type":"binary-expr","locations":[{"start":{"line":18,"column":109},"end":{"line":18,"column":120}},{"start":{"line":18,"column":124},"end":{"line":18,"column":131}},{"start":{"line":18,"column":135},"end":{"line":18,"column":140}}],"line":18},"7":{"loc":{"start":{"line":19,"column":17},"end":{"line":19,"column":80}},"type":"binary-expr","locations":[{"start":{"line":19,"column":17},"end":{"line":19,"column":24}},{"start":{"line":19,"column":28},"end":{"line":19,"column":80}}],"line":19},"8":{"loc":{"start":{"line":21,"column":44},"end":{"line":21,"column":57}},"type":"binary-expr","locations":[{"start":{"line":21,"column":44},"end":{"line":21,"column":49}},{"start":{"line":21,"column":53},"end":{"line":21,"column":57}}],"line":21}},"s":{"0":1,"1":7,"2":7,"3":7,"4":4,"5":7,"6":4},"f":{"0":7,"1":7,"2":4},"b":{"0":[7],"1":[0],"2":[4,3],"3":[3,1],"4":[3,4],"5":[1,6],"6":[7,2,1],"7":[7,3],"8":[7,7]},"_coverageSchema":"1a1c01bbd47fc00a2c39e90264f33305004495a9","hash":"74fbfd994f270726359c33b9f872a898c7e8e2a3"}
,"/Users/tomascastillo/Job/Tipit/schedule-filter/src/components/filter-speakers/index.js": {"path":"/Users/tomascastillo/Job/Tipit/schedule-filter/src/components/filter-speakers/index.js","statementMap":{"0":{"start":{"line":8,"column":22},"end":{"line":94,"column":1}},"1":{"start":{"line":10,"column":52},"end":{"line":10,"column":64}},"2":{"start":{"line":11,"column":40},"end":{"line":11,"column":52}},"3":{"start":{"line":12,"column":33},"end":{"line":12,"column":61}},"4":{"start":{"line":13,"column":38},"end":{"line":13,"column":53}},"5":{"start":{"line":14,"column":52},"end":{"line":14,"column":124}},"6":{"start":{"line":14,"column":84},"end":{"line":14,"column":122}},"7":{"start":{"line":16,"column":4},"end":{"line":18,"column":29}},"8":{"start":{"line":17,"column":8},"end":{"line":17,"column":25}},"9":{"start":{"line":20,"column":27},"end":{"line":30,"column":5}},"10":{"start":{"line":21,"column":8},"end":{"line":29,"column":9}},"11":{"start":{"line":22,"column":29},"end":{"line":25,"column":14}},"12":{"start":{"line":23,"column":16},"end":{"line":24,"column":95}},"13":{"start":{"line":26,"column":12},"end":{"line":26,"column":42}},"14":{"start":{"line":28,"column":12},"end":{"line":28,"column":96}},"15":{"start":{"line":28,"column":55},"end":{"line":28,"column":93}},"16":{"start":{"line":32,"column":26},"end":{"line":37,"column":5}},"17":{"start":{"line":33,"column":8},"end":{"line":33,"column":60}},"18":{"start":{"line":34,"column":8},"end":{"line":34,"column":79}},"19":{"start":{"line":34,"column":57},"end":{"line":34,"column":76}},"20":{"start":{"line":35,"column":8},"end":{"line":35,"column":38}},"21":{"start":{"line":36,"column":8},"end":{"line":36,"column":28}},"22":{"start":{"line":39,"column":26},"end":{"line":43,"column":5}},"23":{"start":{"line":40,"column":8},"end":{"line":40,"column":79}},"24":{"start":{"line":40,"column":57},"end":{"line":40,"column":76}},"25":{"start":{"line":41,"column":8},"end":{"line":41,"column":115}},"26":{"start":{"line":41,"column":74},"end":{"line":41,"column":112}},"27":{"start":{"line":42,"column":8},"end":{"line":42,"column":39}},"28":{"start":{"line":45,"column":4},"end":{"line":93,"column":5}},"29":{"start":{"line":49,"column":38},"end":{"line":49,"column":68}},"30":{"start":{"line":50,"column":35},"end":{"line":50,"column":53}},"31":{"start":{"line":52,"column":24},"end":{"line":54,"column":31}},"32":{"start":{"line":53,"column":28},"end":{"line":53,"column":48}},"33":{"start":{"line":65,"column":28},"end":{"line":70,"column":29}},"34":{"start":{"line":66,"column":96},"end":{"line":66,"column":118}},"35":{"start":{"line":82,"column":24},"end":{"line":88,"column":25}},"36":{"start":{"line":83,"column":65},"end":{"line":83,"column":87}}},"fnMap":{"0":{"name":"(anonymous_0)","decl":{"start":{"line":8,"column":22},"end":{"line":8,"column":23}},"loc":{"start":{"line":8,"column":55},"end":{"line":94,"column":1}},"line":8},"1":{"name":"(anonymous_1)","decl":{"start":{"line":14,"column":74},"end":{"line":14,"column":75}},"loc":{"start":{"line":14,"column":84},"end":{"line":14,"column":122}},"line":14},"2":{"name":"(anonymous_2)","decl":{"start":{"line":16,"column":14},"end":{"line":16,"column":15}},"loc":{"start":{"line":16,"column":20},"end":{"line":18,"column":5}},"line":16},"3":{"name":"(anonymous_3)","decl":{"start":{"line":20,"column":27},"end":{"line":20,"column":28}},"loc":{"start":{"line":20,"column":33},"end":{"line":30,"column":5}},"line":20},"4":{"name":"(anonymous_4)","decl":{"start":{"line":22,"column":44},"end":{"line":22,"column":45}},"loc":{"start":{"line":22,"column":57},"end":{"line":25,"column":13}},"line":22},"5":{"name":"(anonymous_5)","decl":{"start":{"line":28,"column":45},"end":{"line":28,"column":46}},"loc":{"start":{"line":28,"column":55},"end":{"line":28,"column":93}},"line":28},"6":{"name":"(anonymous_6)","decl":{"start":{"line":32,"column":26},"end":{"line":32,"column":27}},"loc":{"start":{"line":32,"column":39},"end":{"line":37,"column":5}},"line":32},"7":{"name":"(anonymous_7)","decl":{"start":{"line":34,"column":52},"end":{"line":34,"column":53}},"loc":{"start":{"line":34,"column":57},"end":{"line":34,"column":76}},"line":34},"8":{"name":"(anonymous_8)","decl":{"start":{"line":39,"column":26},"end":{"line":39,"column":27}},"loc":{"start":{"line":39,"column":39},"end":{"line":43,"column":5}},"line":39},"9":{"name":"(anonymous_9)","decl":{"start":{"line":40,"column":52},"end":{"line":40,"column":53}},"loc":{"start":{"line":40,"column":57},"end":{"line":40,"column":76}},"line":40},"10":{"name":"(anonymous_10)","decl":{"start":{"line":41,"column":64},"end":{"line":41,"column":65}},"loc":{"start":{"line":41,"column":74},"end":{"line":41,"column":112}},"line":41},"11":{"name":"(anonymous_11)","decl":{"start":{"line":49,"column":30},"end":{"line":49,"column":31}},"loc":{"start":{"line":49,"column":38},"end":{"line":49,"column":68}},"line":49},"12":{"name":"(anonymous_12)","decl":{"start":{"line":50,"column":29},"end":{"line":50,"column":30}},"loc":{"start":{"line":50,"column":35},"end":{"line":50,"column":53}},"line":50},"13":{"name":"(anonymous_13)","decl":{"start":{"line":51,"column":28},"end":{"line":51,"column":29}},"loc":{"start":{"line":51,"column":34},"end":{"line":55,"column":21}},"line":51},"14":{"name":"(anonymous_14)","decl":{"start":{"line":52,"column":35},"end":{"line":52,"column":36}},"loc":{"start":{"line":52,"column":41},"end":{"line":54,"column":25}},"line":52},"15":{"name":"(anonymous_15)","decl":{"start":{"line":64,"column":45},"end":{"line":64,"column":46}},"loc":{"start":{"line":64,"column":56},"end":{"line":71,"column":25}},"line":64},"16":{"name":"(anonymous_16)","decl":{"start":{"line":66,"column":90},"end":{"line":66,"column":91}},"loc":{"start":{"line":66,"column":96},"end":{"line":66,"column":118}},"line":66},"17":{"name":"(anonymous_17)","decl":{"start":{"line":81,"column":42},"end":{"line":81,"column":43}},"loc":{"start":{"line":81,"column":53},"end":{"line":89,"column":21}},"line":81},"18":{"name":"(anonymous_18)","decl":{"start":{"line":83,"column":59},"end":{"line":83,"column":60}},"loc":{"start":{"line":83,"column":65},"end":{"line":83,"column":87}},"line":83}},"branchMap":{"0":{"loc":{"start":{"line":21,"column":8},"end":{"line":29,"column":9}},"type":"if","locations":[{"start":{"line":21,"column":8},"end":{"line":29,"column":9}},{"start":{"line":21,"column":8},"end":{"line":29,"column":9}}],"line":21},"1":{"loc":{"start":{"line":23,"column":23},"end":{"line":24,"column":94}},"type":"binary-expr","locations":[{"start":{"line":23,"column":23},"end":{"line":23,"column":98}},{"start":{"line":24,"column":20},"end":{"line":24,"column":94}}],"line":23},"2":{"loc":{"start":{"line":60,"column":13},"end":{"line":77,"column":22}},"type":"binary-expr","locations":[{"start":{"line":60,"column":13},"end":{"line":60,"column":22}},{"start":{"line":61,"column":16},"end":{"line":77,"column":22}}],"line":60},"3":{"loc":{"start":{"line":62,"column":21},"end":{"line":75,"column":30}},"type":"cond-expr","locations":[{"start":{"line":64,"column":24},"end":{"line":71,"column":26}},{"start":{"line":73,"column":24},"end":{"line":75,"column":30}}],"line":62},"4":{"loc":{"start":{"line":79,"column":13},"end":{"line":90,"column":22}},"type":"binary-expr","locations":[{"start":{"line":79,"column":13},"end":{"line":79,"column":40}},{"start":{"line":80,"column":16},"end":{"line":90,"column":22}}],"line":79}},"s":{"0":1,"1":22,"2":22,"3":22,"4":22,"5":22,"6":188,"7":22,"8":7,"9":22,"10":7,"11":1,"12":9,"13":1,"14":6,"15":48,"16":22,"17":2,"18":2,"19":18,"20":2,"21":2,"22":22,"23":1,"24":1,"25":1,"26":12,"27":1,"28":22,"29":2,"30":7,"31":1,"32":1,"33":92,"34":2,"35":3,"36":1},"f":{"0":22,"1":188,"2":7,"3":7,"4":9,"5":48,"6":2,"7":18,"8":1,"9":1,"10":12,"11":2,"12":7,"13":1,"14":1,"15":92,"16":2,"17":3,"18":1},"b":{"0":[1,6],"1":[9,8],"2":[22,13],"3":[13,0],"4":[22,3]},"_coverageSchema":"1a1c01bbd47fc00a2c39e90264f33305004495a9","hash":"61bb7ad34e5e22ce9e407eff6c6709631c66638a"}
,"/Users/tomascastillo/Job/Tipit/schedule-filter/src/components/filter-tags/index.js": {"path":"/Users/tomascastillo/Job/Tipit/schedule-filter/src/components/filter-tags/index.js","statementMap":{"0":{"start":{"line":6,"column":18},"end":{"line":23,"column":1}},"1":{"start":{"line":8,"column":36},"end":{"line":8,"column":50}},"2":{"start":{"line":10,"column":4},"end":{"line":14,"column":19}},"3":{"start":{"line":11,"column":8},"end":{"line":13,"column":9}},"4":{"start":{"line":12,"column":12},"end":{"line":12,"column":84}},"5":{"start":{"line":16,"column":4},"end":{"line":22,"column":5}},"6":{"start":{"line":17,"column":107},"end":{"line":17,"column":129}}},"fnMap":{"0":{"name":"(anonymous_0)","decl":{"start":{"line":6,"column":18},"end":{"line":6,"column":19}},"loc":{"start":{"line":6,"column":74},"end":{"line":23,"column":1}},"line":6},"1":{"name":"(anonymous_1)","decl":{"start":{"line":10,"column":14},"end":{"line":10,"column":15}},"loc":{"start":{"line":10,"column":20},"end":{"line":14,"column":5}},"line":10},"2":{"name":"(anonymous_2)","decl":{"start":{"line":17,"column":101},"end":{"line":17,"column":102}},"loc":{"start":{"line":17,"column":107},"end":{"line":17,"column":129}},"line":17}},"branchMap":{"0":{"loc":{"start":{"line":11,"column":8},"end":{"line":13,"column":9}},"type":"if","locations":[{"start":{"line":11,"column":8},"end":{"line":13,"column":9}},{"start":{"line":11,"column":8},"end":{"line":13,"column":9}}],"line":11},"1":{"loc":{"start":{"line":12,"column":12},"end":{"line":12,"column":83}},"type":"cond-expr","locations":[{"start":{"line":12,"column":23},"end":{"line":12,"column":51}},{"start":{"line":12,"column":54},"end":{"line":12,"column":83}}],"line":12},"2":{"loc":{"start":{"line":17,"column":50},"end":{"line":17,"column":88}},"type":"cond-expr","locations":[{"start":{"line":17,"column":61},"end":{"line":17,"column":83}},{"start":{"line":17,"column":86},"end":{"line":17,"column":88}}],"line":17}},"s":{"0":1,"1":6,"2":6,"3":6,"4":3,"5":6,"6":3},"f":{"0":6,"1":6,"2":3},"b":{"0":[3,3],"1":[2,1],"2":[2,4]},"_coverageSchema":"1a1c01bbd47fc00a2c39e90264f33305004495a9","hash":"e38acc0ce12ce2bb0d9102096411b5464e329258"}
}
