{"/Users/tomascastillo/Job/Tipit/schedule-filter/src/actions.js": {"path":"/Users/tomascastillo/Job/Tipit/schedule-filter/src/actions.js","statementMap":{"0":{"start":{"line":18,"column":46},"end":{"line":18,"column":68}},"1":{"start":{"line":19,"column":46},"end":{"line":19,"column":67}},"2":{"start":{"line":20,"column":46},"end":{"line":20,"column":65}},"3":{"start":{"line":21,"column":46},"end":{"line":21,"column":62}},"4":{"start":{"line":22,"column":46},"end":{"line":22,"column":62}},"5":{"start":{"line":23,"column":46},"end":{"line":23,"column":62}},"6":{"start":{"line":24,"column":46},"end":{"line":24,"column":62}},"7":{"start":{"line":25,"column":46},"end":{"line":25,"column":61}},"8":{"start":{"line":26,"column":46},"end":{"line":26,"column":58}},"9":{"start":{"line":27,"column":46},"end":{"line":27,"column":61}},"10":{"start":{"line":28,"column":46},"end":{"line":28,"column":61}},"11":{"start":{"line":29,"column":46},"end":{"line":29,"column":59}},"12":{"start":{"line":30,"column":46},"end":{"line":30,"column":74}},"13":{"start":{"line":33,"column":27},"end":{"line":35,"column":1}},"14":{"start":{"line":33,"column":33},"end":{"line":35,"column":1}},"15":{"start":{"line":34,"column":4},"end":{"line":34,"column":53}},"16":{"start":{"line":37,"column":26},"end":{"line":39,"column":1}},"17":{"start":{"line":37,"column":32},"end":{"line":39,"column":1}},"18":{"start":{"line":38,"column":4},"end":{"line":38,"column":52}},"19":{"start":{"line":41,"column":27},"end":{"line":44,"column":1}},"20":{"start":{"line":41,"column":41},"end":{"line":44,"column":1}},"21":{"start":{"line":42,"column":4},"end":{"line":42,"column":56}},"22":{"start":{"line":43,"column":4},"end":{"line":43,"column":29}},"23":{"start":{"line":46,"column":36},"end":{"line":64,"column":1}},"24":{"start":{"line":46,"column":42},"end":{"line":64,"column":1}},"25":{"start":{"line":48,"column":4},"end":{"line":48,"column":35}},"26":{"start":{"line":50,"column":23},"end":{"line":50,"column":33}},"27":{"start":{"line":51,"column":28},"end":{"line":51,"column":36}},"28":{"start":{"line":53,"column":4},"end":{"line":53,"column":55}},"29":{"start":{"line":56,"column":4},"end":{"line":61,"column":7}},"30":{"start":{"line":57,"column":8},"end":{"line":60,"column":9}},"31":{"start":{"line":58,"column":12},"end":{"line":58,"column":95}},"32":{"start":{"line":59,"column":12},"end":{"line":59,"column":104}},"33":{"start":{"line":63,"column":4},"end":{"line":63,"column":34}},"34":{"start":{"line":71,"column":28},"end":{"line":73,"column":1}},"35":{"start":{"line":71,"column":34},"end":{"line":73,"column":1}},"36":{"start":{"line":72,"column":4},"end":{"line":72,"column":46}},"37":{"start":{"line":75,"column":28},"end":{"line":87,"column":1}},"38":{"start":{"line":75,"column":60},"end":{"line":87,"column":1}},"39":{"start":{"line":77,"column":45},"end":{"line":77,"column":55}},"40":{"start":{"line":79,"column":4},"end":{"line":79,"column":44}},"41":{"start":{"line":80,"column":4},"end":{"line":86,"column":5}},"42":{"start":{"line":81,"column":8},"end":{"line":81,"column":67}},"43":{"start":{"line":82,"column":8},"end":{"line":82,"column":58}},"44":{"start":{"line":84,"column":8},"end":{"line":84,"column":70}},"45":{"start":{"line":85,"column":8},"end":{"line":85,"column":61}},"46":{"start":{"line":89,"column":29},"end":{"line":91,"column":1}},"47":{"start":{"line":90,"column":4},"end":{"line":90,"column":35}},"48":{"start":{"line":97,"column":25},"end":{"line":113,"column":1}},"49":{"start":{"line":97,"column":68},"end":{"line":113,"column":1}},"50":{"start":{"line":98,"column":29},"end":{"line":98,"column":39}},"51":{"start":{"line":100,"column":4},"end":{"line":102,"column":5}},"52":{"start":{"line":101,"column":8},"end":{"line":101,"column":39}},"53":{"start":{"line":104,"column":4},"end":{"line":104,"column":42}},"54":{"start":{"line":106,"column":4},"end":{"line":106,"column":24}},"55":{"start":{"line":106,"column":17},"end":{"line":106,"column":24}},"56":{"start":{"line":108,"column":4},"end":{"line":108,"column":43}},"57":{"start":{"line":110,"column":4},"end":{"line":110,"column":51}},"58":{"start":{"line":112,"column":4},"end":{"line":112,"column":34}}},"fnMap":{"0":{"name":"(anonymous_0)","decl":{"start":{"line":33,"column":27},"end":{"line":33,"column":28}},"loc":{"start":{"line":33,"column":33},"end":{"line":35,"column":1}},"line":33},"1":{"name":"(anonymous_1)","decl":{"start":{"line":33,"column":33},"end":{"line":33,"column":34}},"loc":{"start":{"line":33,"column":47},"end":{"line":35,"column":1}},"line":33},"2":{"name":"(anonymous_2)","decl":{"start":{"line":37,"column":26},"end":{"line":37,"column":27}},"loc":{"start":{"line":37,"column":32},"end":{"line":39,"column":1}},"line":37},"3":{"name":"(anonymous_3)","decl":{"start":{"line":37,"column":32},"end":{"line":37,"column":33}},"loc":{"start":{"line":37,"column":46},"end":{"line":39,"column":1}},"line":37},"4":{"name":"(anonymous_4)","decl":{"start":{"line":41,"column":27},"end":{"line":41,"column":28}},"loc":{"start":{"line":41,"column":41},"end":{"line":44,"column":1}},"line":41},"5":{"name":"(anonymous_5)","decl":{"start":{"line":41,"column":41},"end":{"line":41,"column":42}},"loc":{"start":{"line":41,"column":55},"end":{"line":44,"column":1}},"line":41},"6":{"name":"(anonymous_6)","decl":{"start":{"line":46,"column":36},"end":{"line":46,"column":37}},"loc":{"start":{"line":46,"column":42},"end":{"line":64,"column":1}},"line":46},"7":{"name":"(anonymous_7)","decl":{"start":{"line":46,"column":42},"end":{"line":46,"column":43}},"loc":{"start":{"line":46,"column":66},"end":{"line":64,"column":1}},"line":46},"8":{"name":"(anonymous_8)","decl":{"start":{"line":56,"column":39},"end":{"line":56,"column":40}},"loc":{"start":{"line":56,"column":50},"end":{"line":61,"column":5}},"line":56},"9":{"name":"(anonymous_9)","decl":{"start":{"line":71,"column":28},"end":{"line":71,"column":29}},"loc":{"start":{"line":71,"column":34},"end":{"line":73,"column":1}},"line":71},"10":{"name":"(anonymous_10)","decl":{"start":{"line":71,"column":34},"end":{"line":71,"column":35}},"loc":{"start":{"line":71,"column":58},"end":{"line":73,"column":1}},"line":71},"11":{"name":"(anonymous_11)","decl":{"start":{"line":75,"column":28},"end":{"line":75,"column":29}},"loc":{"start":{"line":75,"column":60},"end":{"line":87,"column":1}},"line":75},"12":{"name":"(anonymous_12)","decl":{"start":{"line":75,"column":60},"end":{"line":75,"column":61}},"loc":{"start":{"line":75,"column":84},"end":{"line":87,"column":1}},"line":75},"13":{"name":"(anonymous_13)","decl":{"start":{"line":89,"column":29},"end":{"line":89,"column":30}},"loc":{"start":{"line":89,"column":35},"end":{"line":91,"column":1}},"line":89},"14":{"name":"(anonymous_14)","decl":{"start":{"line":97,"column":25},"end":{"line":97,"column":26}},"loc":{"start":{"line":97,"column":68},"end":{"line":113,"column":1}},"line":97},"15":{"name":"(anonymous_15)","decl":{"start":{"line":97,"column":68},"end":{"line":97,"column":69}},"loc":{"start":{"line":97,"column":92},"end":{"line":113,"column":1}},"line":97}},"branchMap":{"0":{"loc":{"start":{"line":57,"column":8},"end":{"line":60,"column":9}},"type":"if","locations":[{"start":{"line":57,"column":8},"end":{"line":60,"column":9}},{"start":{"line":57,"column":8},"end":{"line":60,"column":9}}],"line":57},"1":{"loc":{"start":{"line":80,"column":4},"end":{"line":86,"column":5}},"type":"if","locations":[{"start":{"line":80,"column":4},"end":{"line":86,"column":5}},{"start":{"line":80,"column":4},"end":{"line":86,"column":5}}],"line":80},"2":{"loc":{"start":{"line":97,"column":26},"end":{"line":97,"column":43}},"type":"default-arg","locations":[{"start":{"line":97,"column":39},"end":{"line":97,"column":43}}],"line":97},"3":{"loc":{"start":{"line":97,"column":45},"end":{"line":97,"column":63}},"type":"default-arg","locations":[{"start":{"line":97,"column":59},"end":{"line":97,"column":63}}],"line":97},"4":{"loc":{"start":{"line":100,"column":4},"end":{"line":102,"column":5}},"type":"if","locations":[{"start":{"line":100,"column":4},"end":{"line":102,"column":5}},{"start":{"line":100,"column":4},"end":{"line":102,"column":5}}],"line":100},"5":{"loc":{"start":{"line":104,"column":13},"end":{"line":104,"column":41}},"type":"cond-expr","locations":[{"start":{"line":104,"column":22},"end":{"line":104,"column":28}},{"start":{"line":104,"column":31},"end":{"line":104,"column":41}}],"line":104},"6":{"loc":{"start":{"line":106,"column":4},"end":{"line":106,"column":24}},"type":"if","locations":[{"start":{"line":106,"column":4},"end":{"line":106,"column":24}},{"start":{"line":106,"column":4},"end":{"line":106,"column":24}}],"line":106}},"s":{"0":1,"1":1,"2":1,"3":1,"4":1,"5":1,"6":1,"7":1,"8":1,"9":1,"10":1,"11":1,"12":1,"13":1,"14":0,"15":0,"16":1,"17":0,"18":0,"19":1,"20":0,"21":0,"22":0,"23":1,"24":0,"25":0,"26":0,"27":0,"28":0,"29":0,"30":0,"31":0,"32":0,"33":0,"34":1,"35":0,"36":0,"37":1,"38":0,"39":0,"40":0,"41":0,"42":0,"43":0,"44":0,"45":0,"46":1,"47":0,"48":1,"49":0,"50":0,"51":0,"52":0,"53":0,"54":0,"55":0,"56":0,"57":0,"58":0},"f":{"0":0,"1":0,"2":0,"3":0,"4":0,"5":0,"6":0,"7":0,"8":0,"9":0,"10":0,"11":0,"12":0,"13":0,"14":0,"15":0},"b":{"0":[0,0],"1":[0,0],"2":[0],"3":[0],"4":[0,0],"5":[0,0],"6":[0,0]},"_coverageSchema":"1a1c01bbd47fc00a2c39e90264f33305004495a9","hash":"a23d2d73b744b87ed86c8ccf4844445ca04e9177"}
,"/Users/tomascastillo/Job/Tipit/schedule-filter/src/components/filter-group/index.js": {"path":"/Users/tomascastillo/Job/Tipit/schedule-filter/src/components/filter-group/index.js","statementMap":{"0":{"start":{"line":16,"column":20},"end":{"line":87,"column":1}},"1":{"start":{"line":18,"column":32},"end":{"line":18,"column":46}},"2":{"start":{"line":19,"column":30},"end":{"line":19,"column":42}},"3":{"start":{"line":21,"column":28},"end":{"line":28,"column":6}},"4":{"start":{"line":30,"column":27},"end":{"line":32,"column":5}},"5":{"start":{"line":31,"column":8},"end":{"line":31,"column":48}},"6":{"start":{"line":34,"column":24},"end":{"line":71,"column":5}},"7":{"start":{"line":35,"column":8},"end":{"line":70,"column":9}},"8":{"start":{"line":37,"column":16},"end":{"line":37,"column":143}},"9":{"start":{"line":37,"column":54},"end":{"line":37,"column":142}},"10":{"start":{"line":38,"column":16},"end":{"line":38,"column":22}},"11":{"start":{"line":41,"column":16},"end":{"line":41,"column":144}},"12":{"start":{"line":41,"column":54},"end":{"line":41,"column":143}},"13":{"start":{"line":42,"column":16},"end":{"line":42,"column":22}},"14":{"start":{"line":45,"column":16},"end":{"line":45,"column":168}},"15":{"start":{"line":45,"column":54},"end":{"line":45,"column":167}},"16":{"start":{"line":46,"column":16},"end":{"line":46,"column":22}},"17":{"start":{"line":49,"column":16},"end":{"line":49,"column":90}},"18":{"start":{"line":50,"column":16},"end":{"line":50,"column":22}},"19":{"start":{"line":53,"column":16},"end":{"line":53,"column":145}},"20":{"start":{"line":53,"column":54},"end":{"line":53,"column":144}},"21":{"start":{"line":54,"column":16},"end":{"line":54,"column":22}},"22":{"start":{"line":57,"column":16},"end":{"line":57,"column":138}},"23":{"start":{"line":57,"column":54},"end":{"line":57,"column":137}},"24":{"start":{"line":58,"column":16},"end":{"line":58,"column":22}},"25":{"start":{"line":61,"column":16},"end":{"line":61,"column":175}},"26":{"start":{"line":61,"column":54},"end":{"line":61,"column":174}},"27":{"start":{"line":62,"column":16},"end":{"line":62,"column":22}},"28":{"start":{"line":65,"column":16},"end":{"line":65,"column":174}},"29":{"start":{"line":65,"column":54},"end":{"line":65,"column":173}},"30":{"start":{"line":66,"column":16},"end":{"line":66,"column":22}},"31":{"start":{"line":69,"column":16},"end":{"line":69,"column":22}},"32":{"start":{"line":73,"column":4},"end":{"line":86,"column":5}},"33":{"start":{"line":75,"column":57},"end":{"line":75,"column":75}},"34":{"start":{"line":90,"column":4},"end":{"line":92,"column":5}}},"fnMap":{"0":{"name":"(anonymous_0)","decl":{"start":{"line":16,"column":20},"end":{"line":16,"column":21}},"loc":{"start":{"line":16,"column":93},"end":{"line":87,"column":1}},"line":16},"1":{"name":"(anonymous_1)","decl":{"start":{"line":30,"column":27},"end":{"line":30,"column":28}},"loc":{"start":{"line":30,"column":46},"end":{"line":32,"column":5}},"line":30},"2":{"name":"(anonymous_2)","decl":{"start":{"line":34,"column":24},"end":{"line":34,"column":25}},"loc":{"start":{"line":34,"column":40},"end":{"line":71,"column":5}},"line":34},"3":{"name":"(anonymous_3)","decl":{"start":{"line":37,"column":35},"end":{"line":37,"column":36}},"loc":{"start":{"line":37,"column":54},"end":{"line":37,"column":142}},"line":37},"4":{"name":"(anonymous_4)","decl":{"start":{"line":41,"column":35},"end":{"line":41,"column":36}},"loc":{"start":{"line":41,"column":54},"end":{"line":41,"column":143}},"line":41},"5":{"name":"(anonymous_5)","decl":{"start":{"line":45,"column":35},"end":{"line":45,"column":36}},"loc":{"start":{"line":45,"column":54},"end":{"line":45,"column":167}},"line":45},"6":{"name":"(anonymous_6)","decl":{"start":{"line":53,"column":35},"end":{"line":53,"column":36}},"loc":{"start":{"line":53,"column":54},"end":{"line":53,"column":144}},"line":53},"7":{"name":"(anonymous_7)","decl":{"start":{"line":57,"column":35},"end":{"line":57,"column":36}},"loc":{"start":{"line":57,"column":54},"end":{"line":57,"column":137}},"line":57},"8":{"name":"(anonymous_8)","decl":{"start":{"line":61,"column":35},"end":{"line":61,"column":36}},"loc":{"start":{"line":61,"column":54},"end":{"line":61,"column":174}},"line":61},"9":{"name":"(anonymous_9)","decl":{"start":{"line":65,"column":35},"end":{"line":65,"column":36}},"loc":{"start":{"line":65,"column":54},"end":{"line":65,"column":173}},"line":65},"10":{"name":"(anonymous_10)","decl":{"start":{"line":75,"column":51},"end":{"line":75,"column":52}},"loc":{"start":{"line":75,"column":57},"end":{"line":75,"column":75}},"line":75},"11":{"name":"mapStateToProps","decl":{"start":{"line":89,"column":9},"end":{"line":89,"column":24}},"loc":{"start":{"line":89,"column":42},"end":{"line":93,"column":1}},"line":89}},"branchMap":{"0":{"loc":{"start":{"line":26,"column":20},"end":{"line":26,"column":39}},"type":"cond-expr","locations":[{"start":{"line":26,"column":29},"end":{"line":26,"column":35}},{"start":{"line":26,"column":38},"end":{"line":26,"column":39}}],"line":26},"1":{"loc":{"start":{"line":35,"column":8},"end":{"line":70,"column":9}},"type":"switch","locations":[{"start":{"line":36,"column":12},"end":{"line":39,"column":13}},{"start":{"line":40,"column":12},"end":{"line":43,"column":13}},{"start":{"line":44,"column":12},"end":{"line":47,"column":13}},{"start":{"line":48,"column":12},"end":{"line":51,"column":13}},{"start":{"line":52,"column":12},"end":{"line":55,"column":13}},{"start":{"line":56,"column":12},"end":{"line":59,"column":13}},{"start":{"line":60,"column":12},"end":{"line":63,"column":13}},{"start":{"line":64,"column":12},"end":{"line":67,"column":13}},{"start":{"line":68,"column":12},"end":{"line":69,"column":22}}],"line":35},"2":{"loc":{"start":{"line":78,"column":36},"end":{"line":78,"column":80}},"type":"cond-expr","locations":[{"start":{"line":78,"column":45},"end":{"line":78,"column":60}},{"start":{"line":78,"column":63},"end":{"line":78,"column":80}}],"line":78}},"s":{"0":1,"1":3,"2":3,"3":3,"4":3,"5":0,"6":3,"7":3,"8":3,"9":6,"10":0,"11":0,"12":0,"13":0,"14":0,"15":0,"16":0,"17":0,"18":0,"19":0,"20":0,"21":0,"22":0,"23":0,"24":0,"25":0,"26":0,"27":0,"28":0,"29":0,"30":0,"31":0,"32":3,"33":1,"34":2},"f":{"0":3,"1":0,"2":3,"3":6,"4":0,"5":0,"6":0,"7":0,"8":0,"9":0,"10":1,"11":2},"b":{"0":[2,1],"1":[3,0,0,0,0,0,0,0,0],"2":[2,1]},"_coverageSchema":"1a1c01bbd47fc00a2c39e90264f33305004495a9","hash":"89a6734c8d7c0db7a07424beb0f83e1da95974b1"}
,"/Users/tomascastillo/Job/Tipit/schedule-filter/src/components/filter-speakers/index.js": {"path":"/Users/tomascastillo/Job/Tipit/schedule-filter/src/components/filter-speakers/index.js","statementMap":{"0":{"start":{"line":8,"column":22},"end":{"line":94,"column":1}},"1":{"start":{"line":10,"column":52},"end":{"line":10,"column":64}},"2":{"start":{"line":11,"column":40},"end":{"line":11,"column":52}},"3":{"start":{"line":12,"column":33},"end":{"line":12,"column":61}},"4":{"start":{"line":13,"column":38},"end":{"line":13,"column":53}},"5":{"start":{"line":14,"column":52},"end":{"line":14,"column":124}},"6":{"start":{"line":14,"column":84},"end":{"line":14,"column":122}},"7":{"start":{"line":16,"column":4},"end":{"line":18,"column":29}},"8":{"start":{"line":17,"column":8},"end":{"line":17,"column":25}},"9":{"start":{"line":20,"column":27},"end":{"line":30,"column":5}},"10":{"start":{"line":21,"column":8},"end":{"line":29,"column":9}},"11":{"start":{"line":22,"column":29},"end":{"line":25,"column":14}},"12":{"start":{"line":23,"column":16},"end":{"line":24,"column":95}},"13":{"start":{"line":26,"column":12},"end":{"line":26,"column":42}},"14":{"start":{"line":28,"column":12},"end":{"line":28,"column":96}},"15":{"start":{"line":28,"column":55},"end":{"line":28,"column":93}},"16":{"start":{"line":32,"column":26},"end":{"line":37,"column":5}},"17":{"start":{"line":33,"column":8},"end":{"line":33,"column":60}},"18":{"start":{"line":34,"column":8},"end":{"line":34,"column":79}},"19":{"start":{"line":34,"column":57},"end":{"line":34,"column":76}},"20":{"start":{"line":35,"column":8},"end":{"line":35,"column":38}},"21":{"start":{"line":36,"column":8},"end":{"line":36,"column":28}},"22":{"start":{"line":39,"column":26},"end":{"line":43,"column":5}},"23":{"start":{"line":40,"column":8},"end":{"line":40,"column":79}},"24":{"start":{"line":40,"column":57},"end":{"line":40,"column":76}},"25":{"start":{"line":41,"column":8},"end":{"line":41,"column":115}},"26":{"start":{"line":41,"column":74},"end":{"line":41,"column":112}},"27":{"start":{"line":42,"column":8},"end":{"line":42,"column":39}},"28":{"start":{"line":45,"column":4},"end":{"line":93,"column":5}},"29":{"start":{"line":49,"column":38},"end":{"line":49,"column":68}},"30":{"start":{"line":50,"column":35},"end":{"line":50,"column":53}},"31":{"start":{"line":52,"column":24},"end":{"line":54,"column":31}},"32":{"start":{"line":53,"column":28},"end":{"line":53,"column":48}},"33":{"start":{"line":65,"column":28},"end":{"line":70,"column":29}},"34":{"start":{"line":66,"column":96},"end":{"line":66,"column":118}},"35":{"start":{"line":82,"column":24},"end":{"line":88,"column":25}},"36":{"start":{"line":83,"column":65},"end":{"line":83,"column":87}}},"fnMap":{"0":{"name":"(anonymous_0)","decl":{"start":{"line":8,"column":22},"end":{"line":8,"column":23}},"loc":{"start":{"line":8,"column":55},"end":{"line":94,"column":1}},"line":8},"1":{"name":"(anonymous_1)","decl":{"start":{"line":14,"column":74},"end":{"line":14,"column":75}},"loc":{"start":{"line":14,"column":84},"end":{"line":14,"column":122}},"line":14},"2":{"name":"(anonymous_2)","decl":{"start":{"line":16,"column":14},"end":{"line":16,"column":15}},"loc":{"start":{"line":16,"column":20},"end":{"line":18,"column":5}},"line":16},"3":{"name":"(anonymous_3)","decl":{"start":{"line":20,"column":27},"end":{"line":20,"column":28}},"loc":{"start":{"line":20,"column":33},"end":{"line":30,"column":5}},"line":20},"4":{"name":"(anonymous_4)","decl":{"start":{"line":22,"column":44},"end":{"line":22,"column":45}},"loc":{"start":{"line":22,"column":57},"end":{"line":25,"column":13}},"line":22},"5":{"name":"(anonymous_5)","decl":{"start":{"line":28,"column":45},"end":{"line":28,"column":46}},"loc":{"start":{"line":28,"column":55},"end":{"line":28,"column":93}},"line":28},"6":{"name":"(anonymous_6)","decl":{"start":{"line":32,"column":26},"end":{"line":32,"column":27}},"loc":{"start":{"line":32,"column":39},"end":{"line":37,"column":5}},"line":32},"7":{"name":"(anonymous_7)","decl":{"start":{"line":34,"column":52},"end":{"line":34,"column":53}},"loc":{"start":{"line":34,"column":57},"end":{"line":34,"column":76}},"line":34},"8":{"name":"(anonymous_8)","decl":{"start":{"line":39,"column":26},"end":{"line":39,"column":27}},"loc":{"start":{"line":39,"column":39},"end":{"line":43,"column":5}},"line":39},"9":{"name":"(anonymous_9)","decl":{"start":{"line":40,"column":52},"end":{"line":40,"column":53}},"loc":{"start":{"line":40,"column":57},"end":{"line":40,"column":76}},"line":40},"10":{"name":"(anonymous_10)","decl":{"start":{"line":41,"column":64},"end":{"line":41,"column":65}},"loc":{"start":{"line":41,"column":74},"end":{"line":41,"column":112}},"line":41},"11":{"name":"(anonymous_11)","decl":{"start":{"line":49,"column":30},"end":{"line":49,"column":31}},"loc":{"start":{"line":49,"column":38},"end":{"line":49,"column":68}},"line":49},"12":{"name":"(anonymous_12)","decl":{"start":{"line":50,"column":29},"end":{"line":50,"column":30}},"loc":{"start":{"line":50,"column":35},"end":{"line":50,"column":53}},"line":50},"13":{"name":"(anonymous_13)","decl":{"start":{"line":51,"column":28},"end":{"line":51,"column":29}},"loc":{"start":{"line":51,"column":34},"end":{"line":55,"column":21}},"line":51},"14":{"name":"(anonymous_14)","decl":{"start":{"line":52,"column":35},"end":{"line":52,"column":36}},"loc":{"start":{"line":52,"column":41},"end":{"line":54,"column":25}},"line":52},"15":{"name":"(anonymous_15)","decl":{"start":{"line":64,"column":45},"end":{"line":64,"column":46}},"loc":{"start":{"line":64,"column":56},"end":{"line":71,"column":25}},"line":64},"16":{"name":"(anonymous_16)","decl":{"start":{"line":66,"column":90},"end":{"line":66,"column":91}},"loc":{"start":{"line":66,"column":96},"end":{"line":66,"column":118}},"line":66},"17":{"name":"(anonymous_17)","decl":{"start":{"line":81,"column":42},"end":{"line":81,"column":43}},"loc":{"start":{"line":81,"column":53},"end":{"line":89,"column":21}},"line":81},"18":{"name":"(anonymous_18)","decl":{"start":{"line":83,"column":59},"end":{"line":83,"column":60}},"loc":{"start":{"line":83,"column":65},"end":{"line":83,"column":87}},"line":83}},"branchMap":{"0":{"loc":{"start":{"line":21,"column":8},"end":{"line":29,"column":9}},"type":"if","locations":[{"start":{"line":21,"column":8},"end":{"line":29,"column":9}},{"start":{"line":21,"column":8},"end":{"line":29,"column":9}}],"line":21},"1":{"loc":{"start":{"line":23,"column":23},"end":{"line":24,"column":94}},"type":"binary-expr","locations":[{"start":{"line":23,"column":23},"end":{"line":23,"column":98}},{"start":{"line":24,"column":20},"end":{"line":24,"column":94}}],"line":23},"2":{"loc":{"start":{"line":60,"column":13},"end":{"line":77,"column":22}},"type":"binary-expr","locations":[{"start":{"line":60,"column":13},"end":{"line":60,"column":22}},{"start":{"line":61,"column":16},"end":{"line":77,"column":22}}],"line":60},"3":{"loc":{"start":{"line":62,"column":21},"end":{"line":75,"column":30}},"type":"cond-expr","locations":[{"start":{"line":64,"column":24},"end":{"line":71,"column":26}},{"start":{"line":73,"column":24},"end":{"line":75,"column":30}}],"line":62},"4":{"loc":{"start":{"line":79,"column":13},"end":{"line":90,"column":22}},"type":"binary-expr","locations":[{"start":{"line":79,"column":13},"end":{"line":79,"column":40}},{"start":{"line":80,"column":16},"end":{"line":90,"column":22}}],"line":79}},"s":{"0":2,"1":22,"2":22,"3":22,"4":22,"5":22,"6":188,"7":22,"8":7,"9":22,"10":7,"11":1,"12":9,"13":1,"14":6,"15":48,"16":22,"17":2,"18":2,"19":18,"20":2,"21":2,"22":22,"23":1,"24":1,"25":1,"26":12,"27":1,"28":22,"29":2,"30":7,"31":1,"32":1,"33":92,"34":2,"35":3,"36":1},"f":{"0":22,"1":188,"2":7,"3":7,"4":9,"5":48,"6":2,"7":18,"8":1,"9":1,"10":12,"11":2,"12":7,"13":1,"14":1,"15":92,"16":2,"17":3,"18":1},"b":{"0":[1,6],"1":[9,8],"2":[22,13],"3":[13,0],"4":[22,3]},"_coverageSchema":"1a1c01bbd47fc00a2c39e90264f33305004495a9","hash":"61bb7ad34e5e22ce9e407eff6c6709631c66638a"}
}
