TN:
SF:src/actions.js
FN:33,(anonymous_0)
FN:33,(anonymous_1)
FN:37,(anonymous_2)
FN:37,(anonymous_3)
FN:41,(anonymous_4)
FN:41,(anonymous_5)
FN:46,(anonymous_6)
FN:46,(anonymous_7)
FN:56,(anonymous_8)
FN:71,(anonymous_9)
FN:71,(anonymous_10)
FN:75,(anonymous_11)
FN:75,(anonymous_12)
FN:89,(anonymous_13)
FN:97,(anonymous_14)
FN:97,(anonymous_15)
FNF:16
FNH:0
FNDA:0,(anonymous_0)
FNDA:0,(anonymous_1)
FNDA:0,(anonymous_2)
FNDA:0,(anonymous_3)
FNDA:0,(anonymous_4)
FNDA:0,(anonymous_5)
FNDA:0,(anonymous_6)
FNDA:0,(anonymous_7)
FNDA:0,(anonymous_8)
FNDA:0,(anonymous_9)
FNDA:0,(anonymous_10)
FNDA:0,(anonymous_11)
FNDA:0,(anonymous_12)
FNDA:0,(anonymous_13)
FNDA:0,(anonymous_14)
FNDA:0,(anonymous_15)
DA:18,1
DA:19,1
DA:20,1
DA:21,1
DA:22,1
DA:23,1
DA:24,1
DA:25,1
DA:26,1
DA:27,1
DA:28,1
DA:29,1
DA:30,1
DA:33,1
DA:34,0
DA:37,1
DA:38,0
DA:41,1
DA:42,0
DA:43,0
DA:46,1
DA:48,0
DA:50,0
DA:51,0
DA:53,0
DA:56,0
DA:57,0
DA:58,0
DA:59,0
DA:63,0
DA:71,1
DA:72,0
DA:75,1
DA:77,0
DA:79,0
DA:80,0
DA:81,0
DA:82,0
DA:84,0
DA:85,0
DA:89,1
DA:90,0
DA:97,1
DA:98,0
DA:100,0
DA:101,0
DA:104,0
DA:106,0
DA:108,0
DA:110,0
DA:112,0
LF:51
LH:21
BRDA:57,0,0,0
BRDA:57,0,1,0
BRDA:80,1,0,0
BRDA:80,1,1,0
BRDA:97,2,0,0
BRDA:97,3,0,0
BRDA:100,4,0,0
BRDA:100,4,1,0
BRDA:104,5,0,0
BRDA:104,5,1,0
BRDA:106,6,0,0
BRDA:106,6,1,0
BRF:12
BRH:0
end_of_record
TN:
SF:src/components/filter-group/index.js
FN:16,(anonymous_0)
FN:30,(anonymous_1)
FN:34,(anonymous_2)
FN:37,(anonymous_3)
FN:41,(anonymous_4)
FN:45,(anonymous_5)
FN:53,(anonymous_6)
FN:57,(anonymous_7)
FN:61,(anonymous_8)
FN:65,(anonymous_9)
FN:75,(anonymous_10)
FN:89,mapStateToProps
FNF:12
FNH:5
FNDA:3,(anonymous_0)
FNDA:0,(anonymous_1)
FNDA:3,(anonymous_2)
FNDA:6,(anonymous_3)
FNDA:0,(anonymous_4)
FNDA:0,(anonymous_5)
FNDA:0,(anonymous_6)
FNDA:0,(anonymous_7)
FNDA:0,(anonymous_8)
FNDA:0,(anonymous_9)
FNDA:1,(anonymous_10)
FNDA:2,mapStateToProps
DA:16,1
DA:18,3
DA:19,3
DA:21,3
DA:30,3
DA:31,0
DA:34,3
DA:35,3
DA:37,6
DA:38,0
DA:41,0
DA:42,0
DA:45,0
DA:46,0
DA:49,0
DA:50,0
DA:53,0
DA:54,0
DA:57,0
DA:58,0
DA:61,0
DA:62,0
DA:65,0
DA:66,0
DA:69,0
DA:73,3
DA:75,1
DA:90,2
LF:28
LH:11
BRDA:26,0,0,2
BRDA:26,0,1,1
BRDA:35,1,0,3
BRDA:35,1,1,0
BRDA:35,1,2,0
BRDA:35,1,3,0
BRDA:35,1,4,0
BRDA:35,1,5,0
BRDA:35,1,6,0
BRDA:35,1,7,0
BRDA:35,1,8,0
BRDA:78,2,0,2
BRDA:78,2,1,1
BRF:13
BRH:5
end_of_record
TN:
SF:src/components/filter-speakers/index.js
FN:8,(anonymous_0)
FN:14,(anonymous_1)
FN:16,(anonymous_2)
FN:20,(anonymous_3)
FN:22,(anonymous_4)
FN:28,(anonymous_5)
FN:32,(anonymous_6)
FN:34,(anonymous_7)
FN:39,(anonymous_8)
FN:40,(anonymous_9)
FN:41,(anonymous_10)
FN:49,(anonymous_11)
FN:50,(anonymous_12)
FN:51,(anonymous_13)
FN:52,(anonymous_14)
FN:64,(anonymous_15)
FN:66,(anonymous_16)
FN:81,(anonymous_17)
FN:83,(anonymous_18)
FNF:19
FNH:19
FNDA:22,(anonymous_0)
FNDA:188,(anonymous_1)
FNDA:7,(anonymous_2)
FNDA:7,(anonymous_3)
FNDA:9,(anonymous_4)
FNDA:48,(anonymous_5)
FNDA:2,(anonymous_6)
FNDA:18,(anonymous_7)
FNDA:1,(anonymous_8)
FNDA:1,(anonymous_9)
FNDA:12,(anonymous_10)
FNDA:2,(anonymous_11)
FNDA:7,(anonymous_12)
FNDA:1,(anonymous_13)
FNDA:1,(anonymous_14)
FNDA:92,(anonymous_15)
FNDA:2,(anonymous_16)
FNDA:3,(anonymous_17)
FNDA:1,(anonymous_18)
DA:8,2
DA:10,22
DA:11,22
DA:12,22
DA:13,22
DA:14,188
DA:16,22
DA:17,7
DA:20,22
DA:21,7
DA:22,1
DA:23,9
DA:26,1
DA:28,48
DA:32,22
DA:33,2
DA:34,18
DA:35,2
DA:36,2
DA:39,22
DA:40,1
DA:41,12
DA:42,1
DA:45,22
DA:49,2
DA:50,7
DA:52,1
DA:53,1
DA:65,92
DA:66,2
DA:82,3
DA:83,1
LF:32
LH:32
BRDA:21,0,0,1
BRDA:21,0,1,6
BRDA:23,1,0,9
BRDA:23,1,1,8
BRDA:60,2,0,22
BRDA:60,2,1,13
BRDA:62,3,0,13
BRDA:62,3,1,0
BRDA:79,4,0,22
BRDA:79,4,1,3
BRF:10
BRH:9
end_of_record
